Thu Aug 21 04:43:09 UTC 2025 UTC
Fri Aug 22 03:53:06 UTC 2025 UTC
Fri Aug 22 21:35:54 UTC 2025 UTC
Sat Aug 23 03:50:15 UTC 2025 UTC
Sat Aug 23 09:35:11 UTC 2025 UTC
Sat Aug 23 15:36:05 UTC 2025 UTC
Sat Aug 23 21:34:28 UTC 2025 UTC
Sun Aug 24 04:00:33 UTC 2025 UTC
Sun Aug 24 09:35:22 UTC 2025 UTC
Sun Aug 24 15:36:41 UTC 2025 UTC
Sun Aug 24 21:34:57 UTC 2025 UTC
Mon Aug 25 03:59:30 UTC 2025 UTC
Mon Aug 25 09:40:14 UTC 2025 UTC
Mon Aug 25 15:41:07 UTC 2025 UTC
Mon Aug 25 21:36:45 UTC 2025 UTC
Tue Aug 26 03:54:27 UTC 2025 UTC
Tue Aug 26 09:40:10 UTC 2025 UTC
Tue Aug 26 15:39:21 UTC 2025 UTC
Tue Aug 26 21:35:04 UTC 2025 UTC
Wed Aug 27 03:49:37 UTC 2025 UTC
Wed Aug 27 09:38:17 UTC 2025 UTC
Wed Aug 27 15:39:16 UTC 2025 UTC
Wed Aug 27 21:34:44 UTC 2025 UTC
Thu Aug 28 03:49:47 UTC 2025 UTC
Thu Aug 28 09:38:02 UTC 2025 UTC
Thu Aug 28 15:39:09 UTC 2025 UTC
Thu Aug 28 21:34:25 UTC 2025 UTC
Fri Aug 29 03:49:29 UTC 2025 UTC
Fri Aug 29 09:37:37 UTC 2025 UTC
Fri Aug 29 15:37:11 UTC 2025 UTC
Fri Aug 29 21:33:55 UTC 2025 UTC
Sat Aug 30 03:45:55 UTC 2025 UTC
Sat Aug 30 09:33:01 UTC 2025 UTC
Sat Aug 30 15:35:59 UTC 2025 UTC
Sat Aug 30 21:34:04 UTC 2025 UTC
Sun Aug 31 03:50:46 UTC 2025 UTC
Sun Aug 31 09:33:28 UTC 2025 UTC
Sun Aug 31 15:36:12 UTC 2025 UTC
Sun Aug 31 21:34:08 UTC 2025 UTC
Mon Sep  1 04:04:11 UTC 2025 UTC
Mon Sep  1 09:40:35 UTC 2025 UTC
Mon Sep  1 15:37:38 UTC 2025 UTC
Mon Sep  1 21:34:37 UTC 2025 UTC
Tue Sep  2 03:51:52 UTC 2025 UTC
Tue Sep  2 09:38:11 UTC 2025 UTC
Tue Sep  2 15:40:31 UTC 2025 UTC
